<?xml version="1.0" encoding="UTF-8"?>
<!-- Generated by org.testng.reporters.JUnitReportReporter -->
<testsuite skipped="0" hostname="G1C2ML15625" name="com.sdet.dataBaseValidation" tests="1" failures="0" timestamp="23 Sep 2018 17:40:24 GMT" time="0.421" errors="0">
  <testcase name="mainq1" time="0.421" classname="com.sdet.dataBaseValidation"/>
</testsuite> <!-- com.sdet.dataBaseValidation -->
